<?xml version="1.0" encoding="UTF-8"?>
<!-- Generated by org.testng.reporters.JUnitXMLReporter -->
<testsuite hostname="Ashish-PC" ignored="0" name="Different TestNG Feature test" tests="19" failures="1" timestamp="18 Dec 2017 16:59:40 GMT" time="12.7" errors="0">
  <testcase name="@BeforeMethod setup" time="12.455" classname="TestNg_Tutoral_Package.C7_GoogleTitleTest">
    <failure type="org.openqa.selenium.NoSuchWindowException" message="no such window: target window already closed
from unknown error: web view not found
  (Session info: chrome=63.0.3239.84)
  (Driver info: chromedriver=2.33.506120 (e3e53437346286c0bc2d2dc9aa4915ba81d9023f),platform=Windows NT 6.1.7601 SP1 x86_64) (WARNING: The server did not provide any stacktrace information)
Command duration or timeout: 0 milliseconds
Build info: version: &amp;apos;3.8.1&amp;apos;, revision: &amp;apos;6e95a6684b&amp;apos;, time: &amp;apos;2017-12-01T19:05:14.666Z&amp;apos;
System info: host: &amp;apos;ASHISH-PC&amp;apos;, ip: &amp;apos;192.168.43.98&amp;apos;, os.name: &amp;apos;Windows 7&amp;apos;, os.arch: &amp;apos;amd64&amp;apos;, os.version: &amp;apos;6.1&amp;apos;, java.version: &amp;apos;1.8.0_25&amp;apos;
Driver info: org.openqa.selenium.chrome.ChromeDriver
Capabilities {acceptSslCerts: true, applicationCacheEnabled: false, browserConnectionEnabled: false, browserName: chrome, chrome: {chromedriverVersion: 2.33.506120 (e3e53437346286..., userDataDir: C:\Users\Ashish\AppData\Loc...}, cssSelectorsEnabled: true, databaseEnabled: false, handlesAlerts: true, hasTouchScreen: false, javascriptEnabled: true, locationContextEnabled: true, mobileEmulationEnabled: false, nativeEvents: true, networkConnectionEnabled: false, pageLoadStrategy: normal, platform: XP, platformName: XP, rotatable: false, setWindowRect: true, takesHeapSnapshot: true, takesScreenshot: true, unexpectedAlertBehaviour: , unhandledPromptBehavior: , version: 63.0.3239.84, webStorageEnabled: true}
Session ID: fba1a4c14339b3c4f9a54ec917f7dcd3">
      <![CDATA[org.openqa.selenium.NoSuchWindowException: no such window: target window already closedfrom unknown error: web view not found  (Session info: chrome=63.0.3239.84)  (Driver info: chromedriver=2.33.506120 (e3e53437346286c0bc2d2dc9aa4915ba81d9023f),platform=Windows NT 6.1.7601 SP1 x86_64) (WARNING: The server did not provide any stacktrace information)Command duration or timeout: 0 millisecondsBuild info: version: '3.8.1', revision: '6e95a6684b', time: '2017-12-01T19:05:14.666Z'System info: host: 'ASHISH-PC', ip: '192.168.43.98', os.name: 'Windows 7', os.arch: 'amd64', os.version: '6.1', java.version: '1.8.0_25'Driver info: org.openqa.selenium.chrome.ChromeDriverCapabilities {acceptSslCerts: true, applicationCacheEnabled: false, browserConnectionEnabled: false, browserName: chrome, chrome: {chromedriverVersion: 2.33.506120 (e3e53437346286..., userDataDir: C:\Users\Ashish\AppData\Loc...}, cssSelectorsEnabled: true, databaseEnabled: false, handlesAlerts: true, hasTouchScreen: false, javascriptEnabled: true, locationContextEnabled: true, mobileEmulationEnabled: false, nativeEvents: true, networkConnectionEnabled: false, pageLoadStrategy: normal, platform: XP, platformName: XP, rotatable: false, setWindowRect: true, takesHeapSnapshot: true, takesScreenshot: true, unexpectedAlertBehaviour: , unhandledPromptBehavior: , version: 63.0.3239.84, webStorageEnabled: true}Session ID: fba1a4c14339b3c4f9a54ec917f7dcd3at org.openqa.selenium.remote.ErrorHandler.createThrowable(ErrorHandler.java:214)at org.openqa.selenium.remote.ErrorHandler.throwIfResponseFailed(ErrorHandler.java:166)at org.openqa.selenium.remote.http.JsonHttpResponseCodec.reconstructValue(JsonHttpResponseCodec.java:40)at org.openqa.selenium.remote.http.AbstractHttpResponseCodec.decode(AbstractHttpResponseCodec.java:80)at org.openqa.selenium.remote.http.AbstractHttpResponseCodec.decode(AbstractHttpResponseCodec.java:44)at org.openqa.selenium.remote.HttpCommandExecutor.execute(HttpCommandExecutor.java:164)at org.openqa.selenium.remote.service.DriverCommandExecutor.execute(DriverCommandExecutor.java:83)at org.openqa.selenium.remote.RemoteWebDriver.execute(RemoteWebDriver.java:601)at org.openqa.selenium.remote.RemoteWebDriver.execute(RemoteWebDriver.java:658)at org.openqa.selenium.remote.RemoteWebDriver$RemoteWebDriverOptions.deleteAllCookies(RemoteWebDriver.java:743)at TestNg_Tutoral_Package.C7_GoogleTitleTest.setup(C7_GoogleTitleTest.java:25)... Removed 32 stack frames]]>
    </failure>
  </testcase> <!-- @BeforeMethod setup -->
  <testcase name="@AfterMethod close" time="0.0" classname="TestNg_Tutoral_Package.C7_GoogleTitleTest">
    <skipped/>
  </testcase> <!-- @AfterMethod close -->
  <testcase name="@BeforeMethod setup" time="0.0" classname="TestNg_Tutoral_Package.C7_GoogleTitleTest">
    <skipped/>
  </testcase> <!-- @BeforeMethod setup -->
  <testcase name="@AfterMethod close" time="0.0" classname="TestNg_Tutoral_Package.C7_GoogleTitleTest">
    <skipped/>
  </testcase> <!-- @AfterMethod close -->
  <testcase name="googleTitleTest" time="0.008" classname="TestNg_Tutoral_Package.C1_TestNg_Basic"/>
  <testcase name="serachtest" time="0.002" classname="TestNg_Tutoral_Package.C1_TestNg_Basic"/>
  <testcase name="googleTitleTest" time="0.002" classname="TestNg_Tutoral_Package.C2_TestNG_Basic_Easy_Understand"/>
  <testcase name="serachtest" time="0.002" classname="TestNg_Tutoral_Package.C2_TestNG_Basic_Easy_Understand"/>
  <testcase name="spellingtest" time="0.001" classname="TestNg_Tutoral_Package.C2_TestNG_Basic_Easy_Understand"/>
  <testcase name="logintest" time="0.002" classname="TestNg_Tutoral_Package.C4_TestNGFeatures">
    <failure type="java.lang.ArithmeticException" message="/ by zero">
      <![CDATA[java.lang.ArithmeticException: / by zeroat TestNg_Tutoral_Package.C4_TestNGFeatures.logintest(C4_TestNGFeatures.java:10)... Removed 25 stack frames]]>
    </failure>
  </testcase> <!-- logintest -->
  <testcase name="Addition" time="0.002" classname="TestNg_Tutoral_Package.C5_InvocationCount"/>
  <testcase name="Addition" time="0.001" classname="TestNg_Tutoral_Package.C5_InvocationCount"/>
  <testcase name="Addition" time="0.002" classname="TestNg_Tutoral_Package.C5_InvocationCount"/>
  <testcase name="Addition" time="0.002" classname="TestNg_Tutoral_Package.C5_InvocationCount"/>
  <testcase name="Addition" time="0.027" classname="TestNg_Tutoral_Package.C5_InvocationCount"/>
  <testcase name="Addition" time="0.001" classname="TestNg_Tutoral_Package.C5_InvocationCount"/>
  <testcase name="Addition" time="0.002" classname="TestNg_Tutoral_Package.C5_InvocationCount"/>
  <testcase name="Addition" time="0.002" classname="TestNg_Tutoral_Package.C5_InvocationCount"/>
  <testcase name="Addition" time="0.001" classname="TestNg_Tutoral_Package.C5_InvocationCount"/>
  <testcase name="Addition" time="0.001" classname="TestNg_Tutoral_Package.C5_InvocationCount"/>
  <testcase name="test1" time="0.001" classname="TestNg_Tutoral_Package.C6_exceptionTimeOut"/>
  <testcase name="googleLogoTest" time="0.0" classname="TestNg_Tutoral_Package.C7_GoogleTitleTest">
    <skipped/>
  </testcase> <!-- googleLogoTest -->
  <testcase name="googleTitle" time="0.0" classname="TestNg_Tutoral_Package.C7_GoogleTitleTest">
    <skipped/>
  </testcase> <!-- googleTitle -->
</testsuite> <!-- Different TestNG Feature test -->
